Copyright 1986-2019 Xilinx, Inc. All Rights Reserved.
---------------------------------------------------------------------------------------------------------------------------------------
| Tool Version : Vivado v.2019.2 (win64) Build 2708876 Wed Nov  6 21:40:23 MST 2019
| Date         : Mon Jul  6 13:29:04 2020
| Host         : DESKTOP-2GDKRNR running 64-bit major release  (build 9200)
| Command      : report_drc -file design_1_wrapper_drc_opted.rpt -pb design_1_wrapper_drc_opted.pb -rpx design_1_wrapper_drc_opted.rpx
| Design       : design_1_wrapper
| Device       : xc7z020clg484-1
| Speed File   : -1
| Design State : Synthesized
---------------------------------------------------------------------------------------------------------------------------------------

Report DRC

Table of Contents
-----------------
1. REPORT SUMMARY
2. REPORT DETAILS

1. REPORT SUMMARY
-----------------
            Netlist: netlist
          Floorplan: design_1
      Design limits: <entire design considered>
           Ruledeck: default
             Max violations: <unlimited>
             Violations found: 42
+-----------+----------+----------------------------+------------+
| Rule      | Severity | Description                | Violations |
+-----------+----------+----------------------------+------------+
| CHECK-3   | Warning  | Report rule limit reached  | 2          |
| REQP-1839 | Warning  | RAMB36 async control check | 20         |
| REQP-1840 | Warning  | RAMB18 async control check | 20         |
+-----------+----------+----------------------------+------------+

2. REPORT DETAILS
-----------------
CHECK-3#1 Warning
Report rule limit reached  
REQP-1839 rule limit reached: 20 violations have been found.
Related violations: <none>

CHECK-3#2 Warning
Report rule limit reached  
REQP-1840 rule limit reached: 20 violations have been found.
Related violations: <none>

REQP-1839#1 Warning
RAMB36 async control check  
The RAMB36E1 design_1_i/Axi4RSA_0/inst/mExp1/core_inst/exponent_mem/mem_reg has an input control pin design_1_i/Axi4RSA_0/inst/mExp1/core_inst/exponent_mem/mem_reg/ADDRARDADDR[10] (net: design_1_i/Axi4RSA_0/inst/mExp1/core_inst/exponent_mem/ptr_reg_reg[5]) which is driven by a register (design_1_i/Axi4RSA_0/inst/mExp1/core_inst/exponent_mem/ptr_reg_reg[5]) that has an active asychronous set or reset. This may cause corruption of the memory contents and/or read values when the set/reset is asserted and is not analyzed by the default static timing analysis. It is suggested to eliminate the use of a set/reset to registers driving this RAMB pin or else use a synchronous reset in which the assertion of the reset is timed by default.
Related violations: <none>

REQP-1839#2 Warning
RAMB36 async control check  
The RAMB36E1 design_1_i/Axi4RSA_0/inst/mExp1/core_inst/exponent_mem/mem_reg has an input control pin design_1_i/Axi4RSA_0/inst/mExp1/core_inst/exponent_mem/mem_reg/ADDRARDADDR[11] (net: design_1_i/Axi4RSA_0/inst/mExp1/core_inst/exponent_mem/ptr_reg_reg[6]) which is driven by a register (design_1_i/Axi4RSA_0/inst/mExp1/core_inst/exponent_mem/ptr_reg_reg[6]) that has an active asychronous set or reset. This may cause corruption of the memory contents and/or read values when the set/reset is asserted and is not analyzed by the default static timing analysis. It is suggested to eliminate the use of a set/reset to registers driving this RAMB pin or else use a synchronous reset in which the assertion of the reset is timed by default.
Related violations: <none>

REQP-1839#3 Warning
RAMB36 async control check  
The RAMB36E1 design_1_i/Axi4RSA_0/inst/mExp1/core_inst/exponent_mem/mem_reg has an input control pin design_1_i/Axi4RSA_0/inst/mExp1/core_inst/exponent_mem/mem_reg/ADDRARDADDR[12] (net: design_1_i/Axi4RSA_0/inst/mExp1/core_inst/exponent_mem/ptr_reg_reg[7]) which is driven by a register (design_1_i/Axi4RSA_0/inst/mExp1/core_inst/exponent_mem/ptr_reg_reg[7]) that has an active asychronous set or reset. This may cause corruption of the memory contents and/or read values when the set/reset is asserted and is not analyzed by the default static timing analysis. It is suggested to eliminate the use of a set/reset to registers driving this RAMB pin or else use a synchronous reset in which the assertion of the reset is timed by default.
Related violations: <none>

REQP-1839#4 Warning
RAMB36 async control check  
The RAMB36E1 design_1_i/Axi4RSA_0/inst/mExp1/core_inst/exponent_mem/mem_reg has an input control pin design_1_i/Axi4RSA_0/inst/mExp1/core_inst/exponent_mem/mem_reg/ADDRARDADDR[5] (net: design_1_i/Axi4RSA_0/inst/mExp1/core_inst/exponent_mem/Q[0]) which is driven by a register (design_1_i/Axi4RSA_0/inst/mExp1/core_inst/exponent_mem/ptr_reg_reg[0]) that has an active asychronous set or reset. This may cause corruption of the memory contents and/or read values when the set/reset is asserted and is not analyzed by the default static timing analysis. It is suggested to eliminate the use of a set/reset to registers driving this RAMB pin or else use a synchronous reset in which the assertion of the reset is timed by default.
Related violations: <none>

REQP-1839#5 Warning
RAMB36 async control check  
The RAMB36E1 design_1_i/Axi4RSA_0/inst/mExp1/core_inst/exponent_mem/mem_reg has an input control pin design_1_i/Axi4RSA_0/inst/mExp1/core_inst/exponent_mem/mem_reg/ADDRARDADDR[6] (net: design_1_i/Axi4RSA_0/inst/mExp1/core_inst/exponent_mem/ptr_reg_reg[1]) which is driven by a register (design_1_i/Axi4RSA_0/inst/mExp1/core_inst/exponent_mem/ptr_reg_reg[1]) that has an active asychronous set or reset. This may cause corruption of the memory contents and/or read values when the set/reset is asserted and is not analyzed by the default static timing analysis. It is suggested to eliminate the use of a set/reset to registers driving this RAMB pin or else use a synchronous reset in which the assertion of the reset is timed by default.
Related violations: <none>

REQP-1839#6 Warning
RAMB36 async control check  
The RAMB36E1 design_1_i/Axi4RSA_0/inst/mExp1/core_inst/exponent_mem/mem_reg has an input control pin design_1_i/Axi4RSA_0/inst/mExp1/core_inst/exponent_mem/mem_reg/ADDRARDADDR[7] (net: design_1_i/Axi4RSA_0/inst/mExp1/core_inst/exponent_mem/ptr_reg_reg[2]) which is driven by a register (design_1_i/Axi4RSA_0/inst/mExp1/core_inst/exponent_mem/ptr_reg_reg[2]) that has an active asychronous set or reset. This may cause corruption of the memory contents and/or read values when the set/reset is asserted and is not analyzed by the default static timing analysis. It is suggested to eliminate the use of a set/reset to registers driving this RAMB pin or else use a synchronous reset in which the assertion of the reset is timed by default.
Related violations: <none>

REQP-1839#7 Warning
RAMB36 async control check  
The RAMB36E1 design_1_i/Axi4RSA_0/inst/mExp1/core_inst/exponent_mem/mem_reg has an input control pin design_1_i/Axi4RSA_0/inst/mExp1/core_inst/exponent_mem/mem_reg/ADDRARDADDR[8] (net: design_1_i/Axi4RSA_0/inst/mExp1/core_inst/exponent_mem/ptr_reg_reg[3]) which is driven by a register (design_1_i/Axi4RSA_0/inst/mExp1/core_inst/exponent_mem/ptr_reg_reg[3]) that has an active asychronous set or reset. This may cause corruption of the memory contents and/or read values when the set/reset is asserted and is not analyzed by the default static timing analysis. It is suggested to eliminate the use of a set/reset to registers driving this RAMB pin or else use a synchronous reset in which the assertion of the reset is timed by default.
Related violations: <none>

REQP-1839#8 Warning
RAMB36 async control check  
The RAMB36E1 design_1_i/Axi4RSA_0/inst/mExp1/core_inst/exponent_mem/mem_reg has an input control pin design_1_i/Axi4RSA_0/inst/mExp1/core_inst/exponent_mem/mem_reg/ADDRARDADDR[9] (net: design_1_i/Axi4RSA_0/inst/mExp1/core_inst/exponent_mem/ptr_reg_reg[4]) which is driven by a register (design_1_i/Axi4RSA_0/inst/mExp1/core_inst/exponent_mem/ptr_reg_reg[4]) that has an active asychronous set or reset. This may cause corruption of the memory contents and/or read values when the set/reset is asserted and is not analyzed by the default static timing analysis. It is suggested to eliminate the use of a set/reset to registers driving this RAMB pin or else use a synchronous reset in which the assertion of the reset is timed by default.
Related violations: <none>

REQP-1839#9 Warning
RAMB36 async control check  
The RAMB36E1 design_1_i/Axi4RSA_0/inst/mExp1/core_inst/exponent_mem/mem_reg has an input control pin design_1_i/Axi4RSA_0/inst/mExp1/core_inst/exponent_mem/mem_reg/ADDRBWRADDR[12] (net: design_1_i/Axi4RSA_0/inst/mExp1/core_inst/exponent_mem/ADDRBWRADDR[7]) which is driven by a register (design_1_i/Axi4RSA_0/inst/mExp1/core_inst/loop_counter_reg_reg[0]) that has an active asychronous set or reset. This may cause corruption of the memory contents and/or read values when the set/reset is asserted and is not analyzed by the default static timing analysis. It is suggested to eliminate the use of a set/reset to registers driving this RAMB pin or else use a synchronous reset in which the assertion of the reset is timed by default.
Related violations: <none>

REQP-1839#10 Warning
RAMB36 async control check  
The RAMB36E1 design_1_i/Axi4RSA_0/inst/mExp1/core_inst/exponent_mem/mem_reg has an input control pin design_1_i/Axi4RSA_0/inst/mExp1/core_inst/exponent_mem/mem_reg/ADDRBWRADDR[12] (net: design_1_i/Axi4RSA_0/inst/mExp1/core_inst/exponent_mem/ADDRBWRADDR[7]) which is driven by a register (design_1_i/Axi4RSA_0/inst/mExp1/core_inst/loop_counter_reg_reg[2]) that has an active asychronous set or reset. This may cause corruption of the memory contents and/or read values when the set/reset is asserted and is not analyzed by the default static timing analysis. It is suggested to eliminate the use of a set/reset to registers driving this RAMB pin or else use a synchronous reset in which the assertion of the reset is timed by default.
Related violations: <none>

REQP-1839#11 Warning
RAMB36 async control check  
The RAMB36E1 design_1_i/Axi4RSA_0/inst/mExp1/core_inst/exponent_mem/mem_reg has an input control pin design_1_i/Axi4RSA_0/inst/mExp1/core_inst/exponent_mem/mem_reg/ADDRBWRADDR[12] (net: design_1_i/Axi4RSA_0/inst/mExp1/core_inst/exponent_mem/ADDRBWRADDR[7]) which is driven by a register (design_1_i/Axi4RSA_0/inst/mExp1/core_inst/modexp_ctrl_reg_reg[2]) that has an active asychronous set or reset. This may cause corruption of the memory contents and/or read values when the set/reset is asserted and is not analyzed by the default static timing analysis. It is suggested to eliminate the use of a set/reset to registers driving this RAMB pin or else use a synchronous reset in which the assertion of the reset is timed by default.
Related violations: <none>

REQP-1839#12 Warning
RAMB36 async control check  
The RAMB36E1 design_1_i/Axi4RSA_0/inst/mExp1/core_inst/exponent_mem/mem_reg has an input control pin design_1_i/Axi4RSA_0/inst/mExp1/core_inst/exponent_mem/mem_reg/ADDRBWRADDR[12] (net: design_1_i/Axi4RSA_0/inst/mExp1/core_inst/exponent_mem/ADDRBWRADDR[7]) which is driven by a register (design_1_i/Axi4RSA_0/inst/mExp1/core_inst/modexp_ctrl_reg_reg[3]) that has an active asychronous set or reset. This may cause corruption of the memory contents and/or read values when the set/reset is asserted and is not analyzed by the default static timing analysis. It is suggested to eliminate the use of a set/reset to registers driving this RAMB pin or else use a synchronous reset in which the assertion of the reset is timed by default.
Related violations: <none>

REQP-1839#13 Warning
RAMB36 async control check  
The RAMB36E1 design_1_i/Axi4RSA_0/inst/mExp1/core_inst/exponent_mem/mem_reg has an input control pin design_1_i/Axi4RSA_0/inst/mExp1/core_inst/exponent_mem/mem_reg/ADDRBWRADDR[12] (net: design_1_i/Axi4RSA_0/inst/mExp1/core_inst/exponent_mem/ADDRBWRADDR[7]) which is driven by a register (design_1_i/Axi4RSA_0/inst/mExp1/modulus_length_reg_reg[0]) that has an active asychronous set or reset. This may cause corruption of the memory contents and/or read values when the set/reset is asserted and is not analyzed by the default static timing analysis. It is suggested to eliminate the use of a set/reset to registers driving this RAMB pin or else use a synchronous reset in which the assertion of the reset is timed by default.
Related violations: <none>

REQP-1839#14 Warning
RAMB36 async control check  
The RAMB36E1 design_1_i/Axi4RSA_0/inst/mExp1/core_inst/exponent_mem/mem_reg has an input control pin design_1_i/Axi4RSA_0/inst/mExp1/core_inst/exponent_mem/mem_reg/ADDRBWRADDR[12] (net: design_1_i/Axi4RSA_0/inst/mExp1/core_inst/exponent_mem/ADDRBWRADDR[7]) which is driven by a register (design_1_i/Axi4RSA_0/inst/mExp1/modulus_length_reg_reg[1]) that has an active asychronous set or reset. This may cause corruption of the memory contents and/or read values when the set/reset is asserted and is not analyzed by the default static timing analysis. It is suggested to eliminate the use of a set/reset to registers driving this RAMB pin or else use a synchronous reset in which the assertion of the reset is timed by default.
Related violations: <none>

REQP-1839#15 Warning
RAMB36 async control check  
The RAMB36E1 design_1_i/Axi4RSA_0/inst/mExp1/core_inst/exponent_mem/mem_reg has an input control pin design_1_i/Axi4RSA_0/inst/mExp1/core_inst/exponent_mem/mem_reg/ADDRBWRADDR[12] (net: design_1_i/Axi4RSA_0/inst/mExp1/core_inst/exponent_mem/ADDRBWRADDR[7]) which is driven by a register (design_1_i/Axi4RSA_0/inst/mExp1/modulus_length_reg_reg[2]) that has an active asychronous set or reset. This may cause corruption of the memory contents and/or read values when the set/reset is asserted and is not analyzed by the default static timing analysis. It is suggested to eliminate the use of a set/reset to registers driving this RAMB pin or else use a synchronous reset in which the assertion of the reset is timed by default.
Related violations: <none>

REQP-1839#16 Warning
RAMB36 async control check  
The RAMB36E1 design_1_i/Axi4RSA_0/inst/mExp1/core_inst/exponent_mem/mem_reg has an input control pin design_1_i/Axi4RSA_0/inst/mExp1/core_inst/exponent_mem/mem_reg/ADDRBWRADDR[12] (net: design_1_i/Axi4RSA_0/inst/mExp1/core_inst/exponent_mem/ADDRBWRADDR[7]) which is driven by a register (design_1_i/Axi4RSA_0/inst/mExp1/modulus_length_reg_reg[3]) that has an active asychronous set or reset. This may cause corruption of the memory contents and/or read values when the set/reset is asserted and is not analyzed by the default static timing analysis. It is suggested to eliminate the use of a set/reset to registers driving this RAMB pin or else use a synchronous reset in which the assertion of the reset is timed by default.
Related violations: <none>

REQP-1839#17 Warning
RAMB36 async control check  
The RAMB36E1 design_1_i/Axi4RSA_0/inst/mExp1/core_inst/exponent_mem/mem_reg has an input control pin design_1_i/Axi4RSA_0/inst/mExp1/core_inst/exponent_mem/mem_reg/ADDRBWRADDR[12] (net: design_1_i/Axi4RSA_0/inst/mExp1/core_inst/exponent_mem/ADDRBWRADDR[7]) which is driven by a register (design_1_i/Axi4RSA_0/inst/mExp1/modulus_length_reg_reg[4]) that has an active asychronous set or reset. This may cause corruption of the memory contents and/or read values when the set/reset is asserted and is not analyzed by the default static timing analysis. It is suggested to eliminate the use of a set/reset to registers driving this RAMB pin or else use a synchronous reset in which the assertion of the reset is timed by default.
Related violations: <none>

REQP-1839#18 Warning
RAMB36 async control check  
The RAMB36E1 design_1_i/Axi4RSA_0/inst/mExp1/core_inst/exponent_mem/mem_reg has an input control pin design_1_i/Axi4RSA_0/inst/mExp1/core_inst/exponent_mem/mem_reg/ADDRBWRADDR[12] (net: design_1_i/Axi4RSA_0/inst/mExp1/core_inst/exponent_mem/ADDRBWRADDR[7]) which is driven by a register (design_1_i/Axi4RSA_0/inst/mExp1/modulus_length_reg_reg[5]) that has an active asychronous set or reset. This may cause corruption of the memory contents and/or read values when the set/reset is asserted and is not analyzed by the default static timing analysis. It is suggested to eliminate the use of a set/reset to registers driving this RAMB pin or else use a synchronous reset in which the assertion of the reset is timed by default.
Related violations: <none>

REQP-1839#19 Warning
RAMB36 async control check  
The RAMB36E1 design_1_i/Axi4RSA_0/inst/mExp1/core_inst/exponent_mem/mem_reg has an input control pin design_1_i/Axi4RSA_0/inst/mExp1/core_inst/exponent_mem/mem_reg/ADDRBWRADDR[12] (net: design_1_i/Axi4RSA_0/inst/mExp1/core_inst/exponent_mem/ADDRBWRADDR[7]) which is driven by a register (design_1_i/Axi4RSA_0/inst/mExp1/modulus_length_reg_reg[6]) that has an active asychronous set or reset. This may cause corruption of the memory contents and/or read values when the set/reset is asserted and is not analyzed by the default static timing analysis. It is suggested to eliminate the use of a set/reset to registers driving this RAMB pin or else use a synchronous reset in which the assertion of the reset is timed by default.
Related violations: <none>

REQP-1839#20 Warning
RAMB36 async control check  
The RAMB36E1 design_1_i/Axi4RSA_0/inst/mExp1/core_inst/exponent_mem/mem_reg has an input control pin design_1_i/Axi4RSA_0/inst/mExp1/core_inst/exponent_mem/mem_reg/ADDRBWRADDR[12] (net: design_1_i/Axi4RSA_0/inst/mExp1/core_inst/exponent_mem/ADDRBWRADDR[7]) which is driven by a register (design_1_i/Axi4RSA_0/inst/mExp1/modulus_length_reg_reg[7]) that has an active asychronous set or reset. This may cause corruption of the memory contents and/or read values when the set/reset is asserted and is not analyzed by the default static timing analysis. It is suggested to eliminate the use of a set/reset to registers driving this RAMB pin or else use a synchronous reset in which the assertion of the reset is timed by default.
Related violations: <none>

REQP-1840#1 Warning
RAMB18 async control check  
The RAMB18E1 design_1_i/Axi4RSA_0/inst/mExp1/core_inst/montprod_inst/s_mem/mem_reg has an input control pin design_1_i/Axi4RSA_0/inst/mExp1/core_inst/montprod_inst/s_mem/mem_reg/ADDRARDADDR[10] (net: design_1_i/Axi4RSA_0/inst/mExp1/core_inst/montprod_inst/s_mem/read_addr0[5]) which is driven by a register (design_1_i/Axi4RSA_0/inst/mExp1/core_inst/montprod_inst/FSM_onehot_montprod_ctrl_reg_reg[3]) that has an active asychronous set or reset. This may cause corruption of the memory contents and/or read values when the set/reset is asserted and is not analyzed by the default static timing analysis. It is suggested to eliminate the use of a set/reset to registers driving this RAMB pin or else use a synchronous reset in which the assertion of the reset is timed by default.
Related violations: <none>

REQP-1840#2 Warning
RAMB18 async control check  
The RAMB18E1 design_1_i/Axi4RSA_0/inst/mExp1/core_inst/montprod_inst/s_mem/mem_reg has an input control pin design_1_i/Axi4RSA_0/inst/mExp1/core_inst/montprod_inst/s_mem/mem_reg/ADDRARDADDR[11] (net: design_1_i/Axi4RSA_0/inst/mExp1/core_inst/montprod_inst/s_mem/read_addr0[6]) which is driven by a register (design_1_i/Axi4RSA_0/inst/mExp1/core_inst/montprod_inst/FSM_onehot_montprod_ctrl_reg_reg[3]) that has an active asychronous set or reset. This may cause corruption of the memory contents and/or read values when the set/reset is asserted and is not analyzed by the default static timing analysis. It is suggested to eliminate the use of a set/reset to registers driving this RAMB pin or else use a synchronous reset in which the assertion of the reset is timed by default.
Related violations: <none>

REQP-1840#3 Warning
RAMB18 async control check  
The RAMB18E1 design_1_i/Axi4RSA_0/inst/mExp1/core_inst/montprod_inst/s_mem/mem_reg has an input control pin design_1_i/Axi4RSA_0/inst/mExp1/core_inst/montprod_inst/s_mem/mem_reg/ADDRARDADDR[11] (net: design_1_i/Axi4RSA_0/inst/mExp1/core_inst/montprod_inst/s_mem/read_addr0[6]) which is driven by a register (design_1_i/Axi4RSA_0/inst/mExp1/core_inst/montprod_inst/word_index_reg[6]) that has an active asychronous set or reset. This may cause corruption of the memory contents and/or read values when the set/reset is asserted and is not analyzed by the default static timing analysis. It is suggested to eliminate the use of a set/reset to registers driving this RAMB pin or else use a synchronous reset in which the assertion of the reset is timed by default.
Related violations: <none>

REQP-1840#4 Warning
RAMB18 async control check  
The RAMB18E1 design_1_i/Axi4RSA_0/inst/mExp1/core_inst/montprod_inst/s_mem/mem_reg has an input control pin design_1_i/Axi4RSA_0/inst/mExp1/core_inst/montprod_inst/s_mem/mem_reg/ADDRARDADDR[11] (net: design_1_i/Axi4RSA_0/inst/mExp1/core_inst/montprod_inst/s_mem/read_addr0[6]) which is driven by a register (design_1_i/Axi4RSA_0/inst/mExp1/modulus_length_reg_reg[0]) that has an active asychronous set or reset. This may cause corruption of the memory contents and/or read values when the set/reset is asserted and is not analyzed by the default static timing analysis. It is suggested to eliminate the use of a set/reset to registers driving this RAMB pin or else use a synchronous reset in which the assertion of the reset is timed by default.
Related violations: <none>

REQP-1840#5 Warning
RAMB18 async control check  
The RAMB18E1 design_1_i/Axi4RSA_0/inst/mExp1/core_inst/montprod_inst/s_mem/mem_reg has an input control pin design_1_i/Axi4RSA_0/inst/mExp1/core_inst/montprod_inst/s_mem/mem_reg/ADDRARDADDR[11] (net: design_1_i/Axi4RSA_0/inst/mExp1/core_inst/montprod_inst/s_mem/read_addr0[6]) which is driven by a register (design_1_i/Axi4RSA_0/inst/mExp1/modulus_length_reg_reg[1]) that has an active asychronous set or reset. This may cause corruption of the memory contents and/or read values when the set/reset is asserted and is not analyzed by the default static timing analysis. It is suggested to eliminate the use of a set/reset to registers driving this RAMB pin or else use a synchronous reset in which the assertion of the reset is timed by default.
Related violations: <none>

REQP-1840#6 Warning
RAMB18 async control check  
The RAMB18E1 design_1_i/Axi4RSA_0/inst/mExp1/core_inst/montprod_inst/s_mem/mem_reg has an input control pin design_1_i/Axi4RSA_0/inst/mExp1/core_inst/montprod_inst/s_mem/mem_reg/ADDRARDADDR[11] (net: design_1_i/Axi4RSA_0/inst/mExp1/core_inst/montprod_inst/s_mem/read_addr0[6]) which is driven by a register (design_1_i/Axi4RSA_0/inst/mExp1/modulus_length_reg_reg[2]) that has an active asychronous set or reset. This may cause corruption of the memory contents and/or read values when the set/reset is asserted and is not analyzed by the default static timing analysis. It is suggested to eliminate the use of a set/reset to registers driving this RAMB pin or else use a synchronous reset in which the assertion of the reset is timed by default.
Related violations: <none>

REQP-1840#7 Warning
RAMB18 async control check  
The RAMB18E1 design_1_i/Axi4RSA_0/inst/mExp1/core_inst/montprod_inst/s_mem/mem_reg has an input control pin design_1_i/Axi4RSA_0/inst/mExp1/core_inst/montprod_inst/s_mem/mem_reg/ADDRARDADDR[11] (net: design_1_i/Axi4RSA_0/inst/mExp1/core_inst/montprod_inst/s_mem/read_addr0[6]) which is driven by a register (design_1_i/Axi4RSA_0/inst/mExp1/modulus_length_reg_reg[3]) that has an active asychronous set or reset. This may cause corruption of the memory contents and/or read values when the set/reset is asserted and is not analyzed by the default static timing analysis. It is suggested to eliminate the use of a set/reset to registers driving this RAMB pin or else use a synchronous reset in which the assertion of the reset is timed by default.
Related violations: <none>

REQP-1840#8 Warning
RAMB18 async control check  
The RAMB18E1 design_1_i/Axi4RSA_0/inst/mExp1/core_inst/montprod_inst/s_mem/mem_reg has an input control pin design_1_i/Axi4RSA_0/inst/mExp1/core_inst/montprod_inst/s_mem/mem_reg/ADDRARDADDR[11] (net: design_1_i/Axi4RSA_0/inst/mExp1/core_inst/montprod_inst/s_mem/read_addr0[6]) which is driven by a register (design_1_i/Axi4RSA_0/inst/mExp1/modulus_length_reg_reg[4]) that has an active asychronous set or reset. This may cause corruption of the memory contents and/or read values when the set/reset is asserted and is not analyzed by the default static timing analysis. It is suggested to eliminate the use of a set/reset to registers driving this RAMB pin or else use a synchronous reset in which the assertion of the reset is timed by default.
Related violations: <none>

REQP-1840#9 Warning
RAMB18 async control check  
The RAMB18E1 design_1_i/Axi4RSA_0/inst/mExp1/core_inst/montprod_inst/s_mem/mem_reg has an input control pin design_1_i/Axi4RSA_0/inst/mExp1/core_inst/montprod_inst/s_mem/mem_reg/ADDRARDADDR[11] (net: design_1_i/Axi4RSA_0/inst/mExp1/core_inst/montprod_inst/s_mem/read_addr0[6]) which is driven by a register (design_1_i/Axi4RSA_0/inst/mExp1/modulus_length_reg_reg[5]) that has an active asychronous set or reset. This may cause corruption of the memory contents and/or read values when the set/reset is asserted and is not analyzed by the default static timing analysis. It is suggested to eliminate the use of a set/reset to registers driving this RAMB pin or else use a synchronous reset in which the assertion of the reset is timed by default.
Related violations: <none>

REQP-1840#10 Warning
RAMB18 async control check  
The RAMB18E1 design_1_i/Axi4RSA_0/inst/mExp1/core_inst/montprod_inst/s_mem/mem_reg has an input control pin design_1_i/Axi4RSA_0/inst/mExp1/core_inst/montprod_inst/s_mem/mem_reg/ADDRARDADDR[11] (net: design_1_i/Axi4RSA_0/inst/mExp1/core_inst/montprod_inst/s_mem/read_addr0[6]) which is driven by a register (design_1_i/Axi4RSA_0/inst/mExp1/modulus_length_reg_reg[6]) that has an active asychronous set or reset. This may cause corruption of the memory contents and/or read values when the set/reset is asserted and is not analyzed by the default static timing analysis. It is suggested to eliminate the use of a set/reset to registers driving this RAMB pin or else use a synchronous reset in which the assertion of the reset is timed by default.
Related violations: <none>

REQP-1840#11 Warning
RAMB18 async control check  
The RAMB18E1 design_1_i/Axi4RSA_0/inst/mExp1/core_inst/montprod_inst/s_mem/mem_reg has an input control pin design_1_i/Axi4RSA_0/inst/mExp1/core_inst/montprod_inst/s_mem/mem_reg/ADDRARDADDR[12] (net: design_1_i/Axi4RSA_0/inst/mExp1/core_inst/montprod_inst/s_mem/read_addr0[7]) which is driven by a register (design_1_i/Axi4RSA_0/inst/mExp1/core_inst/montprod_inst/FSM_onehot_montprod_ctrl_reg_reg[3]) that has an active asychronous set or reset. This may cause corruption of the memory contents and/or read values when the set/reset is asserted and is not analyzed by the default static timing analysis. It is suggested to eliminate the use of a set/reset to registers driving this RAMB pin or else use a synchronous reset in which the assertion of the reset is timed by default.
Related violations: <none>

REQP-1840#12 Warning
RAMB18 async control check  
The RAMB18E1 design_1_i/Axi4RSA_0/inst/mExp1/core_inst/montprod_inst/s_mem/mem_reg has an input control pin design_1_i/Axi4RSA_0/inst/mExp1/core_inst/montprod_inst/s_mem/mem_reg/ADDRARDADDR[12] (net: design_1_i/Axi4RSA_0/inst/mExp1/core_inst/montprod_inst/s_mem/read_addr0[7]) which is driven by a register (design_1_i/Axi4RSA_0/inst/mExp1/core_inst/montprod_inst/word_index_reg[7]) that has an active asychronous set or reset. This may cause corruption of the memory contents and/or read values when the set/reset is asserted and is not analyzed by the default static timing analysis. It is suggested to eliminate the use of a set/reset to registers driving this RAMB pin or else use a synchronous reset in which the assertion of the reset is timed by default.
Related violations: <none>

REQP-1840#13 Warning
RAMB18 async control check  
The RAMB18E1 design_1_i/Axi4RSA_0/inst/mExp1/core_inst/montprod_inst/s_mem/mem_reg has an input control pin design_1_i/Axi4RSA_0/inst/mExp1/core_inst/montprod_inst/s_mem/mem_reg/ADDRARDADDR[12] (net: design_1_i/Axi4RSA_0/inst/mExp1/core_inst/montprod_inst/s_mem/read_addr0[7]) which is driven by a register (design_1_i/Axi4RSA_0/inst/mExp1/modulus_length_reg_reg[0]) that has an active asychronous set or reset. This may cause corruption of the memory contents and/or read values when the set/reset is asserted and is not analyzed by the default static timing analysis. It is suggested to eliminate the use of a set/reset to registers driving this RAMB pin or else use a synchronous reset in which the assertion of the reset is timed by default.
Related violations: <none>

REQP-1840#14 Warning
RAMB18 async control check  
The RAMB18E1 design_1_i/Axi4RSA_0/inst/mExp1/core_inst/montprod_inst/s_mem/mem_reg has an input control pin design_1_i/Axi4RSA_0/inst/mExp1/core_inst/montprod_inst/s_mem/mem_reg/ADDRARDADDR[12] (net: design_1_i/Axi4RSA_0/inst/mExp1/core_inst/montprod_inst/s_mem/read_addr0[7]) which is driven by a register (design_1_i/Axi4RSA_0/inst/mExp1/modulus_length_reg_reg[1]) that has an active asychronous set or reset. This may cause corruption of the memory contents and/or read values when the set/reset is asserted and is not analyzed by the default static timing analysis. It is suggested to eliminate the use of a set/reset to registers driving this RAMB pin or else use a synchronous reset in which the assertion of the reset is timed by default.
Related violations: <none>

REQP-1840#15 Warning
RAMB18 async control check  
The RAMB18E1 design_1_i/Axi4RSA_0/inst/mExp1/core_inst/montprod_inst/s_mem/mem_reg has an input control pin design_1_i/Axi4RSA_0/inst/mExp1/core_inst/montprod_inst/s_mem/mem_reg/ADDRARDADDR[12] (net: design_1_i/Axi4RSA_0/inst/mExp1/core_inst/montprod_inst/s_mem/read_addr0[7]) which is driven by a register (design_1_i/Axi4RSA_0/inst/mExp1/modulus_length_reg_reg[2]) that has an active asychronous set or reset. This may cause corruption of the memory contents and/or read values when the set/reset is asserted and is not analyzed by the default static timing analysis. It is suggested to eliminate the use of a set/reset to registers driving this RAMB pin or else use a synchronous reset in which the assertion of the reset is timed by default.
Related violations: <none>

REQP-1840#16 Warning
RAMB18 async control check  
The RAMB18E1 design_1_i/Axi4RSA_0/inst/mExp1/core_inst/montprod_inst/s_mem/mem_reg has an input control pin design_1_i/Axi4RSA_0/inst/mExp1/core_inst/montprod_inst/s_mem/mem_reg/ADDRARDADDR[12] (net: design_1_i/Axi4RSA_0/inst/mExp1/core_inst/montprod_inst/s_mem/read_addr0[7]) which is driven by a register (design_1_i/Axi4RSA_0/inst/mExp1/modulus_length_reg_reg[3]) that has an active asychronous set or reset. This may cause corruption of the memory contents and/or read values when the set/reset is asserted and is not analyzed by the default static timing analysis. It is suggested to eliminate the use of a set/reset to registers driving this RAMB pin or else use a synchronous reset in which the assertion of the reset is timed by default.
Related violations: <none>

REQP-1840#17 Warning
RAMB18 async control check  
The RAMB18E1 design_1_i/Axi4RSA_0/inst/mExp1/core_inst/montprod_inst/s_mem/mem_reg has an input control pin design_1_i/Axi4RSA_0/inst/mExp1/core_inst/montprod_inst/s_mem/mem_reg/ADDRARDADDR[12] (net: design_1_i/Axi4RSA_0/inst/mExp1/core_inst/montprod_inst/s_mem/read_addr0[7]) which is driven by a register (design_1_i/Axi4RSA_0/inst/mExp1/modulus_length_reg_reg[4]) that has an active asychronous set or reset. This may cause corruption of the memory contents and/or read values when the set/reset is asserted and is not analyzed by the default static timing analysis. It is suggested to eliminate the use of a set/reset to registers driving this RAMB pin or else use a synchronous reset in which the assertion of the reset is timed by default.
Related violations: <none>

REQP-1840#18 Warning
RAMB18 async control check  
The RAMB18E1 design_1_i/Axi4RSA_0/inst/mExp1/core_inst/montprod_inst/s_mem/mem_reg has an input control pin design_1_i/Axi4RSA_0/inst/mExp1/core_inst/montprod_inst/s_mem/mem_reg/ADDRARDADDR[12] (net: design_1_i/Axi4RSA_0/inst/mExp1/core_inst/montprod_inst/s_mem/read_addr0[7]) which is driven by a register (design_1_i/Axi4RSA_0/inst/mExp1/modulus_length_reg_reg[5]) that has an active asychronous set or reset. This may cause corruption of the memory contents and/or read values when the set/reset is asserted and is not analyzed by the default static timing analysis. It is suggested to eliminate the use of a set/reset to registers driving this RAMB pin or else use a synchronous reset in which the assertion of the reset is timed by default.
Related violations: <none>

REQP-1840#19 Warning
RAMB18 async control check  
The RAMB18E1 design_1_i/Axi4RSA_0/inst/mExp1/core_inst/montprod_inst/s_mem/mem_reg has an input control pin design_1_i/Axi4RSA_0/inst/mExp1/core_inst/montprod_inst/s_mem/mem_reg/ADDRARDADDR[12] (net: design_1_i/Axi4RSA_0/inst/mExp1/core_inst/montprod_inst/s_mem/read_addr0[7]) which is driven by a register (design_1_i/Axi4RSA_0/inst/mExp1/modulus_length_reg_reg[6]) that has an active asychronous set or reset. This may cause corruption of the memory contents and/or read values when the set/reset is asserted and is not analyzed by the default static timing analysis. It is suggested to eliminate the use of a set/reset to registers driving this RAMB pin or else use a synchronous reset in which the assertion of the reset is timed by default.
Related violations: <none>

REQP-1840#20 Warning
RAMB18 async control check  
The RAMB18E1 design_1_i/Axi4RSA_0/inst/mExp1/core_inst/montprod_inst/s_mem/mem_reg has an input control pin design_1_i/Axi4RSA_0/inst/mExp1/core_inst/montprod_inst/s_mem/mem_reg/ADDRARDADDR[12] (net: design_1_i/Axi4RSA_0/inst/mExp1/core_inst/montprod_inst/s_mem/read_addr0[7]) which is driven by a register (design_1_i/Axi4RSA_0/inst/mExp1/modulus_length_reg_reg[7]) that has an active asychronous set or reset. This may cause corruption of the memory contents and/or read values when the set/reset is asserted and is not analyzed by the default static timing analysis. It is suggested to eliminate the use of a set/reset to registers driving this RAMB pin or else use a synchronous reset in which the assertion of the reset is timed by default.
Related violations: <none>


