INFO: [VRFC 10-2263] Analyzing Verilog file "C:/Users/ressw/Documents/School/ESE498/RSA/repo/AXI4RSA/Axi4RSA.srcs/sources_1/new/Axi4RSA.v" into library xil_defaultlib
INFO: [VRFC 10-311] analyzing module Axi4RSA
INFO: [VRFC 10-2263] Analyzing Verilog file "C:/Users/ressw/Documents/School/ESE498/RSA/repo/AXI4RSA/Axi4RSA.srcs/sources_1/imports/ESE498/RSA/pwm_info_leak-master/rsa_modular_exponentiation/src/adder32.v" into library xil_defaultlib
INFO: [VRFC 10-311] analyzing module adder32
INFO: [VRFC 10-2263] Analyzing Verilog file "C:/Users/ressw/Documents/School/ESE498/RSA/repo/AXI4RSA/Axi4RSA.srcs/sim_1/imports/axi4lite/axi4litemanager.v" into library xil_defaultlib
INFO: [VRFC 10-311] analyzing module Axi4LiteManager
INFO: [VRFC 10-2263] Analyzing Verilog file "C:/Users/ressw/Documents/School/ESE498/RSA/repo/AXI4RSA/Axi4RSA.srcs/sources_1/imports/ESE498/retest/ESE498/tdc.srcs/sources_1/imports/axi4lite/axi4litesupporter.v" into library xil_defaultlib
INFO: [VRFC 10-311] analyzing module Axi4LiteSupporter
INFO: [VRFC 10-2263] Analyzing Verilog file "C:/Users/ressw/Documents/School/ESE498/RSA/repo/AXI4RSA/Axi4RSA.srcs/sources_1/imports/src/blockmem1r1w.v" into library xil_defaultlib
INFO: [VRFC 10-311] analyzing module blockmem1r1w
INFO: [VRFC 10-2263] Analyzing Verilog file "C:/Users/ressw/Documents/School/ESE498/RSA/repo/AXI4RSA/Axi4RSA.srcs/sources_1/imports/ESE498/RSA/pwm_info_leak-master/rsa_modular_exponentiation/src/blockmem2r1w.v" into library xil_defaultlib
INFO: [VRFC 10-311] analyzing module blockmem2r1w
INFO: [VRFC 10-2263] Analyzing Verilog file "C:/Users/ressw/Documents/School/ESE498/RSA/repo/AXI4RSA/Axi4RSA.srcs/sources_1/imports/ESE498/RSA/pwm_info_leak-master/rsa_modular_exponentiation/src/blockmem2r1wptr.v" into library xil_defaultlib
INFO: [VRFC 10-311] analyzing module blockmem2r1wptr
INFO: [VRFC 10-2263] Analyzing Verilog file "C:/Users/ressw/Documents/School/ESE498/RSA/repo/AXI4RSA/Axi4RSA.srcs/sources_1/imports/ESE498/RSA/pwm_info_leak-master/rsa_modular_exponentiation/src/blockmem2rptr1w.v" into library xil_defaultlib
INFO: [VRFC 10-311] analyzing module blockmem2rptr1w
INFO: [VRFC 10-2263] Analyzing Verilog file "C:/Users/ressw/Documents/School/ESE498/RSA/repo/AXI4RSA/Axi4RSA.srcs/sources_1/imports/ESE498/RSA/pwm_info_leak-master/rsa_modular_exponentiation/src/modexp.v" into library xil_defaultlib
INFO: [VRFC 10-311] analyzing module modexp
INFO: [VRFC 10-2263] Analyzing Verilog file "C:/Users/ressw/Documents/School/ESE498/RSA/repo/AXI4RSA/Axi4RSA.srcs/sources_1/imports/ESE498/RSA/pwm_info_leak-master/rsa_modular_exponentiation/src/modexp_core.v" into library xil_defaultlib
INFO: [VRFC 10-311] analyzing module modexp_core
INFO: [VRFC 10-2263] Analyzing Verilog file "C:/Users/ressw/Documents/School/ESE498/RSA/repo/AXI4RSA/Axi4RSA.srcs/sources_1/imports/ESE498/RSA/pwm_info_leak-master/rsa_modular_exponentiation/src/montprod.v" into library xil_defaultlib
INFO: [VRFC 10-311] analyzing module montprod
INFO: [VRFC 10-2263] Analyzing Verilog file "C:/Users/ressw/Documents/School/ESE498/RSA/repo/AXI4RSA/Axi4RSA.srcs/sources_1/imports/ESE498/RSA/pwm_info_leak-master/rsa_modular_exponentiation/src/residue.v" into library xil_defaultlib
INFO: [VRFC 10-311] analyzing module residue
INFO: [VRFC 10-2263] Analyzing Verilog file "C:/Users/ressw/Documents/School/ESE498/RSA/repo/AXI4RSA/Axi4RSA.srcs/sources_1/imports/ESE498/RSA/pwm_info_leak-master/rsa_modular_exponentiation/src/shl32.v" into library xil_defaultlib
INFO: [VRFC 10-311] analyzing module shl32
INFO: [VRFC 10-2263] Analyzing Verilog file "C:/Users/ressw/Documents/School/ESE498/RSA/repo/AXI4RSA/Axi4RSA.srcs/sources_1/imports/ESE498/RSA/pwm_info_leak-master/rsa_modular_exponentiation/src/shr32.v" into library xil_defaultlib
INFO: [VRFC 10-311] analyzing module shr32
INFO: [VRFC 10-2263] Analyzing Verilog file "C:/Users/ressw/Documents/School/ESE498/RSA/repo/AXI4RSA/Axi4RSA.srcs/sim_1/new/Axi4RSA_tb.v" into library xil_defaultlib
INFO: [VRFC 10-311] analyzing module Axi4RSA_tb
INFO: [VRFC 10-2263] Analyzing Verilog file "C:/Users/ressw/Documents/School/ESE498/RSA/repo/AXI4RSA/Axi4RSA.sim/sim_1/behav/xsim/glbl.v" into library xil_defaultlib
INFO: [VRFC 10-311] analyzing module glbl
