Vivado Simulator 2019.2
Copyright 1986-1999, 2001-2019 Xilinx, Inc. All Rights Reserved.
Running: C:/Xilinx/Vivado/2019.2/bin/unwrapped/win64.o/xelab.exe -wto f97b1c5accf945cfb2a709b3bf3b5838 --incr --debug typical --relax --mt 2 -L xil_defaultlib -L xilinx_vip -L unisims_ver -L unimacro_ver -L secureip -L xpm --snapshot Axi4RSA_tb_behav xil_defaultlib.Axi4RSA_tb xil_defaultlib.glbl -log elaborate.log 
Using 2 slave threads.
Starting static elaboration
Pass Through NonSizing Optimizer
Completed static elaboration
Starting simulation data flow analysis
Completed simulation data flow analysis
Time Resolution for simulation is 1ps
Compiling module xil_defaultlib.Axi4LiteManager(C_M_AXI_ADDR_WID...
Compiling module xil_defaultlib.Axi4LiteSupporter(C_S_AXI_ADDR_W...
Compiling module xil_defaultlib.blockmem1r1w
Compiling module xil_defaultlib.adder32
Compiling module xil_defaultlib.shr32
Compiling module xil_defaultlib.montprod
Compiling module xil_defaultlib.shl32
Compiling module xil_defaultlib.residue
Compiling module xil_defaultlib.blockmem2r1w
Compiling module xil_defaultlib.blockmem2r1wptr
Compiling module xil_defaultlib.blockmem2rptr1w
Compiling module xil_defaultlib.modexp_core
Compiling module xil_defaultlib.modexp
Compiling module xil_defaultlib.Axi4RSA
Compiling module xil_defaultlib.Axi4RSA_tb
Compiling module xil_defaultlib.glbl
Built simulation snapshot Axi4RSA_tb_behav
